<?xml version="1.0" encoding="UTF-8"?>
<!-- Generated by org.testng.reporters.JUnitXMLReporter -->
<testsuite hostname="LAPTOP-M0OI58L8" ignored="0" name="Test" tests="3" failures="0" timestamp="2020-08-20T21:06:54 IST" time="84.401" errors="0">
  <testcase name="Accountpage" time="5.292" classname="Automation_Project.AutomationMain"/>
  <testcase name="createAccountPage" time="11.266" classname="Automation_Project.AutomationMain"/>
  <testcase name="addtoCart" time="40.102" classname="Automation_Project.AutomationMain"/>
</testsuite> <!-- Test -->
